#
# A fatal error has been detected by the Java Runtime Environment:
#
#  EXCEPTION_UNCAUGHT_CXX_EXCEPTION (0xe06d7363) at pc=0x00007ffcc8143b29, pid=19832, tid=4836
#
# JRE version: Java(TM) SE Runtime Environment 18.9 (11.0.9+7) (build 11.0.9+7-LTS)
# Java VM: Java HotSpot(TM) 64-Bit Server VM 18.9 (11.0.9+7-LTS, mixed mode, tiered, compressed oops, g1 gc, windows-amd64)
# Problematic frame:
# C  [KERNELBASE.dll+0x43b29]
#
# No core dump will be written. Minidumps are not enabled by default on client versions of Windows
#
# If you would like to submit a bug report, please visit:
#   https://bugreport.java.com/bugreport/crash.jsp
# The crash happened outside the Java Virtual Machine in native code.
# See problematic frame for where to report the bug.
#

---------------  S U M M A R Y ------------

Command Line: 

Host: Intel(R) Core(TM) i7-8665U CPU @ 1.90GHz, 8 cores, 15G,  Windows 10 , 64 bit Build 18362 (10.0.18362.1110)
Time: Wed Jan 20 15:01:34 2021 Central Standard Time elapsed time: 3.467782 seconds (0d 0h 0m 3s)

---------------  T H R E A D  ---------------

Current thread (0x00000125deca8800):  JavaThread "main" [_thread_in_native, id=4836, stack(0x000000214c600000,0x000000214c7f0000)]

Stack: [0x000000214c600000,0x000000214c7f0000],  sp=0x000000214c7e4920,  free space=1938k
Native frames: (J=compiled Java code, j=interpreted, Vv=VM code, C=native code)
C  [KERNELBASE.dll+0x43b29]
C  [VCRUNTIME140.dll+0x6220]
C  0x00007ffc304c5047  JPPyObject::call+0x127  (jp_pythontypes.cpp:95)
C  0x00007ffc304cde35  PyJPClass_hook+0x4c5  (pyjp_class.cpp:1182)
C  0x00007ffc304c2a75  Java_org_jpype_manager_TypeFactoryNative_newWrapper+0x65  (jp_typefactory.cpp:100)
C  0x00000125e7c1f0d7

Java frames: (J=compiled Java code, j=interpreted, Vv=VM code)
j  org.jpype.manager.TypeFactoryNative.newWrapper(JJ)V+0
j  org.jpype.JPypeContext.newWrapper(J)V+16
v  ~StubRoutines::call_stub
j  org.jpype.manager.TypeFactoryNative.newWrapper(JJ)V+0
j  org.jpype.JPypeContext.newWrapper(J)V+16
v  ~StubRoutines::call_stub
j  org.jpype.manager.TypeFactoryNative.newWrapper(JJ)V+0
j  org.jpype.JPypeContext.newWrapper(J)V+16
v  ~StubRoutines::call_stub

siginfo: EXCEPTION_UNCAUGHT_CXX_EXCEPTION (0xe06d7363), ExceptionInformation=0x0000000019930520 0x000000214c7e4ae0 0x00007ffc30513070 0x00007ffc30480000 


Register to memory mapping:

RIP=0x00007ffcc8143b29 KERNELBASE.dll
RAX=0x000000214c7e4120 is pointing into the stack for thread: 0x00000125deca8800
RBX=0x00007ffc30513070 points into unknown readable memory: 00 00 00 00 70 f6 02 00
RCX=0x000000214c7e4280 is pointing into the stack for thread: 0x00000125deca8800
RDX=0x00000125fff40000 points into unknown readable memory: 00 00 00 00 00 00 00 00
RSP=0x000000214c7e4920 is pointing into the stack for thread: 0x00000125deca8800
RBP=0x000000214c7e4bd9 is pointing into the stack for thread: 0x00000125deca8800
RSI=0x000000214c7e4ae0 is pointing into the stack for thread: 0x00000125deca8800
RDI=0x0000000019930520 is an unknown value
R8 =0x00000125e7c1f74d is at code_begin+2701 in an Interpreter codelet
method entry point (kind = native)  [0x00000125e7c1ecc0, 0x00000125e7c1f820]  2912 bytes
R9 ={method} {0x00000125ffb8a1d0} 'assignMembers' '(JJJ[J[J)V' in 'org/jpype/manager/TypeFactoryNative'
R10=0x0000000000000148 is an unknown value
R11=0x0000000000000477 is an unknown value
R12=0x000000214c7e4c68 is pointing into the stack for thread: 0x00000125deca8800
R13=0x000001258441f2d0 points into unknown readable memory: 50 53 4f 30 fc 7f 00 00
R14=0x00000125dee37180 points into unknown readable memory: 18 67 4f 30 fc 7f 00 00
R15=0x0 is NULL


Registers:
RAX=0x000000214c7e4120, RBX=0x00007ffc30513070, RCX=0x000000214c7e4280, RDX=0x00000125fff40000
RSP=0x000000214c7e4920, RBP=0x000000214c7e4bd9, RSI=0x000000214c7e4ae0, RDI=0x0000000019930520
R8 =0x00000125e7c1f74d, R9 =0x00000125ffb8a1c8, R10=0x0000000000000148, R11=0x0000000000000477
R12=0x000000214c7e4c68, R13=0x000001258441f2d0, R14=0x00000125dee37180, R15=0x0000000000000000
RIP=0x00007ffcc8143b29, EFLAGS=0x0000000000000206

Top of Stack: (sp=0x000000214c7e4920)
0x000000214c7e4920:   0000007f00000001 00007ffc30513070
0x000000214c7e4930:   000000214c7e4ae0 0000000000000001
0x000000214c7e4940:   00000001e06d7363 0000000000000000
0x000000214c7e4950:   00007ffcc8143b29 0000002100000004
0x000000214c7e4960:   0000000019930520 000000214c7e4ae0
0x000000214c7e4970:   00007ffc30513070 00007ffc30480000
0x000000214c7e4980:   000001258441f2d0 000000214c7e4c68
0x000000214c7e4990:   000000214c7e4ae0 000000214c7e4bd9
0x000000214c7e49a0:   000000214c7e4a20 00007ffcca37f41f
0x000000214c7e49b0:   0000000019930520 00007ffc00000000
0x000000214c7e49c0:   0000000000000000 00007ffc304906d4
0x000000214c7e49d0:   00007ffc3051b000 00007ffc30480000
0x000000214c7e49e0:   0000dea9690ddc64 000000000000001f
0x000000214c7e49f0:   00007ffc30513070 00007ffcc39d6220
0x000000214c7e4a00:   000000214c7e4aa0 000000214c7e4bd9
0x000000214c7e4a10:   000000214c7e4b88 00007ffc304af613 

Instructions: (pc=0x00007ffcc8143b29)
0x00007ffcc8143b09:   8b d1 44 0f 47 c0 44 89 44 24 38 49 c1 e0 03 e8
0x00007ffcc8143b19:   4a d3 04 00 48 8d 4c 24 20 48 ff 15 ff 44 16 00
0x00007ffcc8143b29:   0f 1f 44 00 00 48 8b 8c 24 c0 00 00 00 48 33 cc
0x00007ffcc8143b39:   e8 a2 5e 04 00 48 81 c4 d8 00 00 00 c3 83 64 24 


Stack slot to memory mapping:
stack at sp + 0 slots: 0x0000007f00000001 is an unknown value
stack at sp + 1 slots: 0x00007ffc30513070 points into unknown readable memory: 00 00 00 00 70 f6 02 00
stack at sp + 2 slots: 0x000000214c7e4ae0 is pointing into the stack for thread: 0x00000125deca8800
stack at sp + 3 slots: 0x0000000000000001 is an unknown value
stack at sp + 4 slots: 0x00000001e06d7363 is an unknown value
stack at sp + 5 slots: 0x0 is NULL
stack at sp + 6 slots: 0x00007ffcc8143b29 KERNELBASE.dll
stack at sp + 7 slots: 0x0000002100000004 is an unknown value


---------------  P R O C E S S  ---------------

Threads class SMR info:
_java_thread_list=0x00000125df1fc0b0, length=11, elements={
0x00000125deca8800, 0x00000125deffc800, 0x00000125defff800, 0x00000125df01b000,
0x00000125df01b800, 0x00000125df022800, 0x00000125df027800, 0x00000125df032800,
0x00000125df1e8800, 0x00000125df207800, 0x00000125df321800
}

Java Threads: ( => current thread )
=>0x00000125deca8800 JavaThread "main" [_thread_in_native, id=4836, stack(0x000000214c600000,0x000000214c7f0000)]
  0x00000125deffc800 JavaThread "Reference Handler" daemon [_thread_blocked, id=22584, stack(0x000000214f0a0000,0x000000214f290000)]
  0x00000125defff800 JavaThread "Finalizer" daemon [_thread_blocked, id=20024, stack(0x000000214f290000,0x000000214f480000)]
  0x00000125df01b000 JavaThread "Signal Dispatcher" daemon [_thread_blocked, id=8844, stack(0x000000214f480000,0x000000214f670000)]
  0x00000125df01b800 JavaThread "Attach Listener" daemon [_thread_blocked, id=4152, stack(0x000000214f670000,0x000000214f860000)]
  0x00000125df022800 JavaThread "C2 CompilerThread0" daemon [_thread_blocked, id=23572, stack(0x000000214f860000,0x000000214fa50000)]
  0x00000125df027800 JavaThread "C1 CompilerThread0" daemon [_thread_blocked, id=18380, stack(0x000000214fa50000,0x000000214fc40000)]
  0x00000125df032800 JavaThread "Sweeper thread" daemon [_thread_blocked, id=20120, stack(0x000000214fc40000,0x000000214fe30000)]
  0x00000125df1e8800 JavaThread "Service Thread" daemon [_thread_blocked, id=10472, stack(0x000000214fe30000,0x0000002150020000)]
  0x00000125df207800 JavaThread "Common-Cleaner" daemon [_thread_blocked, id=15456, stack(0x0000002150210000,0x0000002150400000)]
  0x00000125df321800 JavaThread "Python Reference Queue" daemon [_thread_blocked, id=19608, stack(0x00000021507e0000,0x00000021509d0000)]

Other Threads:
  0x00000125deff4000 VMThread "VM Thread" [stack: 0x000000214eeb0000,0x000000214f0a0000] [id=7724]
  0x00000125df1ff800 WatcherThread [stack: 0x0000002150020000,0x0000002150210000] [id=24004]
  0x00000125dbe73800 GCTaskThread "GC Thread#0" [stack: 0x000000214e500000,0x000000214e6f0000] [id=23824]
  0x00000125df3ac800 GCTaskThread "GC Thread#1" [stack: 0x00000021509d0000,0x0000002150bc0000] [id=15276]
  0x00000125df3ad800 GCTaskThread "GC Thread#2" [stack: 0x0000002150bc0000,0x0000002150db0000] [id=1240]
  0x00000125df3ae800 GCTaskThread "GC Thread#3" [stack: 0x0000002150db0000,0x0000002150fa0000] [id=23624]
  0x00000125df3b1800 GCTaskThread "GC Thread#4" [stack: 0x0000002150fa0000,0x0000002151190000] [id=5916]
  0x00000125df3b2800 GCTaskThread "GC Thread#5" [stack: 0x0000002151190000,0x0000002151380000] [id=22856]
  0x00000125ded45000 ConcurrentGCThread "G1 Main Marker" [stack: 0x000000214e6f0000,0x000000214e8e0000] [id=22460]
  0x00000125ded45800 ConcurrentGCThread "G1 Conc#0" [stack: 0x000000214e8e0000,0x000000214ead0000] [id=24072]
  0x00000125dee3a800 ConcurrentGCThread "G1 Refine#0" [stack: 0x000000214ead0000,0x000000214ecc0000] [id=19808]
  0x00000125dee3b000 ConcurrentGCThread "G1 Young RemSet Sampling" [stack: 0x000000214ecc0000,0x000000214eeb0000] [id=18120]

Threads with active compile tasks:

VM state:not at safepoint (normal execution)

VM Mutex/Monitor currently owned by a thread: None

Heap address: 0x0000000703000000, size: 4048 MB, Compressed Oops mode: Zero based, Oop shift amount: 3
Narrow klass base: 0x0000000800000000, Narrow klass shift: 0
Compressed class space size: 1073741824 Address: 0x0000000800000000

Heap:
 garbage-first heap   total 27648K, used 11344K [0x0000000703000000, 0x0000000800000000)
  region size 1024K, 4 young (4096K), 2 survivors (2048K)
 Metaspace       used 17752K, capacity 18229K, committed 18432K, reserved 1064960K
  class space    used 1762K, capacity 1929K, committed 2048K, reserved 1048576K
Heap Regions: E=young(eden), S=young(survivor), O=old, HS=humongous(starts), HC=humongous(continues), CS=collection set, F=free, A=archive, TAMS=top-at-mark-start (previous, next)
|   0|0x0000000703000000, 0x0000000703100000, 0x0000000703100000|100%|HS|  |TAMS 0x0000000703000000, 0x0000000703000000| Untracked 
|   1|0x0000000703100000, 0x0000000703200000, 0x0000000703200000|100%|HC|  |TAMS 0x0000000703100000, 0x0000000703100000| Untracked 
|   2|0x0000000703200000, 0x00000007032ffff0, 0x0000000703300000| 99%| O|  |TAMS 0x0000000703200000, 0x0000000703200000| Untracked 
|   3|0x0000000703300000, 0x00000007033fffe0, 0x0000000703400000| 99%| O|  |TAMS 0x0000000703300000, 0x0000000703300000| Untracked 
|   4|0x0000000703400000, 0x00000007034ffff8, 0x0000000703500000| 99%| O|  |TAMS 0x0000000703400000, 0x0000000703400000| Untracked 
|   5|0x0000000703500000, 0x00000007035f9bb0, 0x0000000703600000| 97%| O|  |TAMS 0x0000000703500000, 0x0000000703500000| Untracked 
|   6|0x0000000703600000, 0x00000007036d0600, 0x0000000703700000| 81%| O|  |TAMS 0x0000000703600000, 0x0000000703600000| Untracked 
|   7|0x0000000703700000, 0x0000000703700000, 0x0000000703800000|  0%| F|  |TAMS 0x0000000703700000, 0x0000000703700000| Untracked 
|   8|0x0000000703800000, 0x0000000703800000, 0x0000000703900000|  0%| F|  |TAMS 0x0000000703800000, 0x0000000703800000| Untracked 
|   9|0x0000000703900000, 0x0000000703900000, 0x0000000703a00000|  0%| F|  |TAMS 0x0000000703900000, 0x0000000703900000| Untracked 
|  10|0x0000000703a00000, 0x0000000703aab7f8, 0x0000000703b00000| 66%| O|  |TAMS 0x0000000703a00000, 0x0000000703a00000| Untracked 
|  11|0x0000000703b00000, 0x0000000703b00000, 0x0000000703c00000|  0%| F|  |TAMS 0x0000000703b00000, 0x0000000703b00000| Untracked 
|  12|0x0000000703c00000, 0x0000000703c00000, 0x0000000703d00000|  0%| F|  |TAMS 0x0000000703c00000, 0x0000000703c00000| Untracked 
|  13|0x0000000703d00000, 0x0000000703d00000, 0x0000000703e00000|  0%| F|  |TAMS 0x0000000703d00000, 0x0000000703d00000| Untracked 
|  14|0x0000000703e00000, 0x0000000703e00000, 0x0000000703f00000|  0%| F|  |TAMS 0x0000000703e00000, 0x0000000703e00000| Untracked 
|  15|0x0000000703f00000, 0x0000000704000000, 0x0000000704000000|100%| S|CS|TAMS 0x0000000703f00000, 0x0000000703f00000| Complete 
|  16|0x0000000704000000, 0x0000000704100000, 0x0000000704100000|100%| S|CS|TAMS 0x0000000704000000, 0x0000000704000000| Complete 
|  17|0x0000000704100000, 0x0000000704100000, 0x0000000704200000|  0%| F|  |TAMS 0x0000000704100000, 0x0000000704100000| Untracked 
|  18|0x0000000704200000, 0x0000000704200000, 0x0000000704300000|  0%| F|  |TAMS 0x0000000704200000, 0x0000000704200000| Untracked 
|  19|0x0000000704300000, 0x0000000704300000, 0x0000000704400000|  0%| F|  |TAMS 0x0000000704300000, 0x0000000704300000| Untracked 
|  20|0x0000000704400000, 0x0000000704400000, 0x0000000704500000|  0%| F|  |TAMS 0x0000000704400000, 0x0000000704400000| Untracked 
|  21|0x0000000704500000, 0x0000000704500000, 0x0000000704600000|  0%| F|  |TAMS 0x0000000704500000, 0x0000000704500000| Untracked 
|  22|0x0000000704600000, 0x0000000704600000, 0x0000000704700000|  0%| F|  |TAMS 0x0000000704600000, 0x0000000704600000| Untracked 
|  23|0x0000000704700000, 0x0000000704700000, 0x0000000704800000|  0%| F|  |TAMS 0x0000000704700000, 0x0000000704700000| Untracked 
|  24|0x0000000704800000, 0x0000000704892cd0, 0x0000000704900000| 57%| E|  |TAMS 0x0000000704800000, 0x0000000704800000| Complete 
|  25|0x0000000704900000, 0x0000000704a00000, 0x0000000704a00000|100%| E|CS|TAMS 0x0000000704900000, 0x0000000704900000| Complete 
| 116|0x000000070a400000, 0x000000070a49e9f8, 0x000000070a500000| 61%| O|  |TAMS 0x000000070a400000, 0x000000070a400000| Untracked 

Card table byte_map: [0x00000125f7e90000,0x00000125f8680000] _byte_map_base: 0x00000125f4678000

Marking Bits (Prev, Next): (CMBitMap*) 0x00000125ded2f328, (CMBitMap*) 0x00000125ded2f360
 Prev Bits: [0x00000125f8e70000, 0x00000125fcdb0000)
 Next Bits: [0x0000012580000000, 0x0000012583f40000)

Polling page: 0x00000125e7bf0000

Metaspace:

Usage:
  Non-class:     15.92 MB capacity,    15.62 MB ( 98%) used,   271.47 KB (  2%) free+waste,    38.50 KB ( <1%) overhead. 
      Class:      1.88 MB capacity,     1.72 MB ( 91%) used,   148.05 KB (  8%) free+waste,    18.13 KB ( <1%) overhead. 
       Both:     17.80 MB capacity,    17.34 MB ( 97%) used,   419.52 KB (  2%) free+waste,    56.63 KB ( <1%) overhead. 

Virtual space:
  Non-class space:       16.00 MB reserved,      16.00 MB (100%) committed 
      Class space:        1.00 GB reserved,       2.00 MB ( <1%) committed 
             Both:        1.02 GB reserved,      18.00 MB (  2%) committed 

Chunk freelists:
   Non-Class:  2.50 KB
       Class:  0 bytes
        Both:  2.50 KB

CodeHeap 'non-profiled nmethods': size=120000Kb used=788Kb max_used=788Kb free=119211Kb
 bounds [0x00000125ef6e0000, 0x00000125ef950000, 0x00000125f6c10000]
CodeHeap 'profiled nmethods': size=120000Kb used=3551Kb max_used=3551Kb free=116448Kb
 bounds [0x00000125e81b0000, 0x00000125e8530000, 0x00000125ef6e0000]
CodeHeap 'non-nmethods': size=5760Kb used=1151Kb max_used=1173Kb free=4608Kb
 bounds [0x00000125e7c10000, 0x00000125e7e80000, 0x00000125e81b0000]
 total_blobs=2372 nmethods=1905 adapters=378
 compilation: enabled
              stopped_count=0, restarted_count=0
 full_count=0

Compilation events (10 events):
Event: 3.412 Thread 0x00000125df022800 1901       4       java.util.Arrays::hashCode (56 bytes)
Event: 3.413 Thread 0x00000125df027800 nmethod 1900 0x00000125e8525010 code [0x00000125e85252e0, 0x00000125e8526080]
Event: 3.413 Thread 0x00000125df027800 1903       3       jdk.internal.loader.URLClassPath::getResource (74 bytes)
Event: 3.414 Thread 0x00000125df027800 nmethod 1903 0x00000125e8526710 code [0x00000125e85268e0, 0x00000125e8526c80]
Event: 3.414 Thread 0x00000125df027800 1902       3       java.lang.PublicMethods$Key::equals (52 bytes)
Event: 3.414 Thread 0x00000125df027800 nmethod 1902 0x00000125e8526e10 code [0x00000125e8526fe0, 0x00000125e85274d0]
Event: 3.414 Thread 0x00000125df027800 1904       3       java.util.TreeMap::rotateLeft (96 bytes)
Event: 3.414 Thread 0x00000125df027800 nmethod 1904 0x00000125e8527590 code [0x00000125e8527760, 0x00000125e8527d38]
Event: 3.415 Thread 0x00000125df022800 nmethod 1901 0x00000125ef7a4610 code [0x00000125ef7a47a0, 0x00000125ef7a48f8]
Event: 3.415 Thread 0x00000125df022800 1906       4       java.lang.StringLatin1::compareTo (52 bytes)

GC Heap History (10 events):
Event: 0.977 GC heap before
{Heap before GC invocations=5 (full 1):
 garbage-first heap   total 17408K, used 9461K [0x0000000703000000, 0x0000000800000000)
  region size 1024K, 5 young (5120K), 1 survivors (1024K)
 Metaspace       used 8084K, capacity 8243K, committed 8576K, reserved 1056768K
  class space    used 724K, capacity 782K, committed 896K, reserved 1048576K
}
Event: 0.980 GC heap after
{Heap after GC invocations=6 (full 1):
 garbage-first heap   total 17408K, used 5701K [0x0000000703000000, 0x0000000800000000)
  region size 1024K, 1 young (1024K), 1 survivors (1024K)
 Metaspace       used 8084K, capacity 8243K, committed 8576K, reserved 1056768K
  class space    used 724K, capacity 782K, committed 896K, reserved 1048576K
}
Event: 0.994 GC heap before
{Heap before GC invocations=6 (full 1):
 garbage-first heap   total 17408K, used 9797K [0x0000000703000000, 0x0000000800000000)
  region size 1024K, 5 young (5120K), 1 survivors (1024K)
 Metaspace       used 8085K, capacity 8243K, committed 8576K, reserved 1056768K
  class space    used 724K, capacity 782K, committed 896K, reserved 1048576K
}
Event: 1.000 GC heap after
{Heap after GC invocations=7 (full 1):
 garbage-first heap   total 139264K, used 6167K [0x0000000703000000, 0x0000000800000000)
  region size 1024K, 1 young (1024K), 1 survivors (1024K)
 Metaspace       used 8085K, capacity 8243K, committed 8576K, reserved 1056768K
  class space    used 724K, capacity 782K, committed 896K, reserved 1048576K
}
Event: 1.140 GC heap before
{Heap before GC invocations=7 (full 1):
 garbage-first heap   total 139264K, used 21527K [0x0000000703000000, 0x0000000800000000)
  region size 1024K, 17 young (17408K), 1 survivors (1024K)
 Metaspace       used 8156K, capacity 8308K, committed 8576K, reserved 1056768K
  class space    used 727K, capacity 782K, committed 896K, reserved 1048576K
}
Event: 1.163 GC heap after
{Heap after GC invocations=8 (full 2):
 garbage-first heap   total 27648K, used 7439K [0x0000000703000000, 0x0000000800000000)
  region size 1024K, 0 young (0K), 0 survivors (0K)
 Metaspace       used 8156K, capacity 8308K, committed 8576K, reserved 1056768K
  class space    used 727K, capacity 782K, committed 896K, reserved 1048576K
}
Event: 1.764 GC heap before
{Heap before GC invocations=8 (full 2):
 garbage-first heap   total 27648K, used 14607K [0x0000000703000000, 0x0000000800000000)
  region size 1024K, 7 young (7168K), 0 survivors (0K)
 Metaspace       used 12763K, capacity 13076K, committed 13184K, reserved 1060864K
  class space    used 1222K, capacity 1338K, committed 1408K, reserved 1048576K
}
Event: 1.770 GC heap after
{Heap after GC invocations=9 (full 2):
 garbage-first heap   total 27648K, used 9170K [0x0000000703000000, 0x0000000800000000)
  region size 1024K, 1 young (1024K), 1 survivors (1024K)
 Metaspace       used 12763K, capacity 13076K, committed 13184K, reserved 1060864K
  class space    used 1222K, capacity 1338K, committed 1408K, reserved 1048576K
}
Event: 3.027 GC heap before
{Heap before GC invocations=9 (full 2):
 garbage-first heap   total 27648K, used 17362K [0x0000000703000000, 0x0000000800000000)
  region size 1024K, 9 young (9216K), 1 survivors (1024K)
 Metaspace       used 17250K, capacity 17671K, committed 17792K, reserved 1064960K
  class space    used 1709K, capacity 1873K, committed 1920K, reserved 1048576K
}
Event: 3.034 GC heap after
{Heap after GC invocations=10 (full 2):
 garbage-first heap   total 27648K, used 10320K [0x0000000703000000, 0x0000000800000000)
  region size 1024K, 2 young (2048K), 2 survivors (2048K)
 Metaspace       used 17250K, capacity 17671K, committed 17792K, reserved 1064960K
  class space    used 1709K, capacity 1873K, committed 1920K, reserved 1048576K
}

Deoptimization events (10 events):
Event: 2.063 Thread 0x00000125deca8800 Uncommon trap: reason=class_check action=maybe_recompile pc=0x00000125ef6fcc8c method=java.util.HashMap.putVal(ILjava/lang/Object;Ljava/lang/Object;ZZ)Ljava/lang/Object; @ 203 c2
Event: 2.110 Thread 0x00000125deca8800 Uncommon trap: reason=unstable_if action=reinterpret pc=0x00000125ef782384 method=com.sun.org.apache.xerces.internal.dom.ParentNode.nodeListItem(I)Lorg/w3c/dom/Node; @ 112 c2
Event: 2.110 Thread 0x00000125deca8800 Uncommon trap: reason=unstable_if action=reinterpret pc=0x00000125ef77e784 method=com.sun.org.apache.xerces.internal.dom.ParentNode.nodeListItem(I)Lorg/w3c/dom/Node; @ 112 c2
Event: 2.128 Thread 0x00000125deca8800 Uncommon trap: reason=unstable_if action=reinterpret pc=0x00000125ef76833c method=jdk.internal.org.objectweb.asm.Type.getArgumentsAndReturnSizes(Ljava/lang/String;)I @ 88 c2
Event: 2.895 Thread 0x000001258413a000 Uncommon trap: reason=unstable_if action=reinterpret pc=0x00000125ef729d14 method=java.net.URI.match(CJJ)Z @ 19 c2
Event: 2.954 Thread 0x00000125deca8800 Uncommon trap: reason=unstable_if action=reinterpret pc=0x00000125ef786e84 method=java.lang.CharacterDataLatin1.digit(II)I @ 12 c2
Event: 2.954 Thread 0x00000125deca8800 Uncommon trap: reason=unstable_if action=reinterpret pc=0x00000125ef78564c method=java.lang.CharacterDataLatin1.digit(II)I @ 12 c2
Event: 2.955 Thread 0x00000125deca8800 Uncommon trap: reason=unstable_if action=reinterpret pc=0x00000125ef784c44 method=java.lang.CharacterDataLatin1.digit(II)I @ 12 c2
Event: 2.967 Thread 0x00000125deca8800 Uncommon trap: reason=unstable_if action=reinterpret pc=0x00000125ef7603a0 method=java.lang.StringLatin1.compareToCI([B[B)I @ 68 c2
Event: 3.186 Thread 0x00000125deca8800 Uncommon trap: reason=unstable_if action=reinterpret pc=0x00000125ef78b210 method=java.util.concurrent.ConcurrentHashMap.putVal(Ljava/lang/Object;Ljava/lang/Object;Z)Ljava/lang/Object; @ 148 c2

Classes redefined (0 events):
No events

Internal exceptions (10 events):
Event: 1.842 Thread 0x00000125deca8800 Exception <a 'java/lang/NoSuchMethodError'{0x000000070487b200}: java.lang.invoke.DirectMethodHandle$Holder.invokeStatic(Ljava/lang/Object;Ljava/lang/Object;Ljava/lang/Object;Ljava/lang/Object;Ljava/lang/Object;Ljava/lang/Object;Ljava/lang/Object;Ljava/lan
Event: 1.844 Thread 0x00000125deca8800 Exception <a 'java/lang/NoSuchMethodError'{0x00000007048890b8}: java.lang.invoke.DirectMethodHandle$Holder.invokeSpecial(Ljava/lang/Object;Ljava/lang/Object;IILjava/lang/Object;Ljava/lang/Object;Ljava/lang/Object;)Ljava/lang/Object;> (0x00000007048890b8) 
Event: 1.844 Thread 0x00000125deca8800 Exception <a 'java/lang/NoSuchMethodError'{0x000000070488c640}: java.lang.invoke.DelegatingMethodHandle$Holder.reinvoke_L(Ljava/lang/Object;IILjava/lang/Object;Ljava/lang/Object;Ljava/lang/Object;)Ljava/lang/Object;> (0x000000070488c640) thrown at [./open
Event: 1.845 Thread 0x00000125deca8800 Exception <a 'java/lang/NoSuchMethodError'{0x00000007048909c8}: java.lang.invoke.DirectMethodHandle$Holder.invokeStatic(Ljava/lang/Object;Ljava/lang/Object;Ljava/lang/Object;Ljava/lang/Object;I)Ljava/lang/Object;> (0x00000007048909c8) thrown at [./open/sr
Event: 2.121 Thread 0x00000125deca8800 Exception <a 'java/lang/NoSuchMethodError'{0x00000007045ee300}: java.lang.invoke.DirectMethodHandle$Holder.invokeStatic(Ljava/lang/Object;IIII)Ljava/lang/Object;> (0x00000007045ee300) thrown at [./open/src/hotspot/share/interpreter/linkResolver.cpp, line 
Event: 2.122 Thread 0x00000125deca8800 Exception <a 'java/lang/NoSuchMethodError'{0x00000007045f1418}: java.lang.invoke.DirectMethodHandle$Holder.invokeStaticInit(Ljava/lang/Object;IIII)Ljava/lang/Object;> (0x00000007045f1418) thrown at [./open/src/hotspot/share/interpreter/linkResolver.cpp, l
Event: 2.126 Thread 0x00000125deca8800 Exception <a 'sun/nio/fs/WindowsException'{0x00000007045f75b0}> (0x00000007045f75b0) thrown at [./open/src/hotspot/share/prims/jni.cpp, line 611]
Event: 2.129 Thread 0x00000125deca8800 Exception <a 'java/lang/NoSuchMethodError'{0x00000007045fedf8}: java.lang.invoke.DirectMethodHandle$Holder.invokeSpecialIFC(Ljava/lang/Object;Ljava/lang/Object;I)I> (0x00000007045fedf8) thrown at [./open/src/hotspot/share/interpreter/linkResolver.cpp, lin
Event: 2.827 Thread 0x00000125deca8800 Exception <a 'java/lang/NoSuchMethodError'{0x00000007044dbfc0}: java.lang.invoke.DirectMethodHandle$Holder.invokeStatic(Ljava/lang/Object;Ljava/lang/Object;IIII)Ljava/lang/Object;> (0x00000007044dbfc0) thrown at [./open/src/hotspot/share/interpreter/linkR
Event: 2.828 Thread 0x00000125deca8800 Exception <a 'java/lang/NoSuchMethodError'{0x00000007044df308}: java.lang.invoke.DirectMethodHandle$Holder.invokeStaticInit(Ljava/lang/Object;Ljava/lang/Object;IIII)Ljava/lang/Object;> (0x00000007044df308) thrown at [./open/src/hotspot/share/interpreter/l

Events (10 events):
Event: 3.410 loading class com/teradata/jdbc/jdbc_4/statemachine/StatementReceiveState
Event: 3.411 loading class com/teradata/jdbc/jdbc_4/statemachine/StatementReceiveState done
Event: 3.411 loading class com/teradata/jdbc/jdbc_4/parcel/RedriveSupportedParcel
Event: 3.411 loading class com/teradata/jdbc/jdbc_4/parcel/RedriveSupportedParcel done
Event: 3.411 loading class com/teradata/jdbc/jdbc_4/parcel/RecoverableNPSupportedParcel
Event: 3.411 loading class com/teradata/jdbc/jdbc_4/parcel/RecoverableNPSupportedParcel done
Event: 3.411 loading class com/teradata/jdbc/jdbc_4/parcel/RedriveParcel
Event: 3.411 loading class com/teradata/jdbc/jdbc_4/parcel/RedriveParcel done
Event: 3.413 loading class com/teradata/jdbc/jdbc_4/GeneratedKeysRequest
Event: 3.413 loading class com/teradata/jdbc/jdbc_4/GeneratedKeysRequest done


Dynamic libraries:
0x00007ff66e6d0000 - 0x00007ff66e6ec000 	C:\Users\xcxg109\Anaconda3\python.exe
0x00007ffcca360000 - 0x00007ffcca550000 	C:\Windows\SYSTEM32\ntdll.dll
0x00007ffcc8ab0000 - 0x00007ffcc8b62000 	C:\Windows\System32\KERNEL32.DLL
0x00007ffcc8100000 - 0x00007ffcc83a5000 	C:\Windows\System32\KERNELBASE.dll
0x0000000061090000 - 0x0000000061125000 	C:\Windows\System32\SYSFER.DLL
0x00007ffcc9be0000 - 0x00007ffcc9c83000 	C:\Windows\System32\ADVAPI32.dll
0x00007ffcc97d0000 - 0x00007ffcc986e000 	C:\Windows\System32\msvcrt.dll
0x00007ffcc89b0000 - 0x00007ffcc8a47000 	C:\Windows\System32\sechost.dll
0x00007ffcc8580000 - 0x00007ffcc86a0000 	C:\Windows\System32\RPCRT4.dll
0x00007ffcc8000000 - 0x00007ffcc80fa000 	C:\Windows\System32\ucrtbase.dll
0x00007ffc55160000 - 0x00007ffc55592000 	C:\Users\xcxg109\Anaconda3\python38.dll
0x00007ffcc39d0000 - 0x00007ffcc39e9000 	C:\Users\xcxg109\Anaconda3\VCRUNTIME140.dll
0x00007ffcc8b70000 - 0x00007ffcc8bc2000 	C:\Windows\System32\SHLWAPI.dll
0x00007ffcc98a0000 - 0x00007ffcc9bd6000 	C:\Windows\System32\combase.dll
0x00007ffcc0970000 - 0x00007ffcc097a000 	C:\Windows\SYSTEM32\VERSION.dll
0x00007ffcc7520000 - 0x00007ffcc75a1000 	C:\Windows\System32\bcryptPrimitives.dll
0x00007ffcc9c90000 - 0x00007ffcc9cb6000 	C:\Windows\System32\GDI32.dll
0x00007ffcc7f30000 - 0x00007ffcc7f51000 	C:\Windows\System32\win32u.dll
0x00007ffcc72d0000 - 0x00007ffcc7466000 	C:\Windows\System32\gdi32full.dll
0x00007ffcc7d40000 - 0x00007ffcc7dde000 	C:\Windows\System32\msvcp_win.dll
0x00007ffcc9f00000 - 0x00007ffcca094000 	C:\Windows\System32\USER32.dll
0x00007ffcca250000 - 0x00007ffcca2bf000 	C:\Windows\System32\WS2_32.dll
0x00007ffcc9870000 - 0x00007ffcc989e000 	C:\Windows\System32\IMM32.DLL
0x00000125d4450000 - 0x00000125d4462000 	C:\Windows\System32\umppc12708.dll
0x00007ffcc7fe0000 - 0x00007ffcc7ff7000 	C:\Windows\System32\CRYPTSP.dll
0x00007ffcc6580000 - 0x00007ffcc65b3000 	C:\Windows\system32\rsaenh.dll
0x00007ffcc7fb0000 - 0x00007ffcc7fd6000 	C:\Windows\System32\bcrypt.dll
0x00007ffcc6c30000 - 0x00007ffcc6c3c000 	C:\Windows\SYSTEM32\CRYPTBASE.dll
0x00007ffcc3a10000 - 0x00007ffcc3a1f000 	C:\Users\xcxg109\Anaconda3\python3.DLL
0x00007ffcc0d40000 - 0x00007ffcc0d57000 	C:\Users\xcxg109\Anaconda3\DLLs\_bz2.pyd
0x00007ffc9ac40000 - 0x00007ffc9ac6a000 	C:\Users\xcxg109\Anaconda3\DLLs\_lzma.pyd
0x00007ffcc39b0000 - 0x00007ffcc39d0000 	C:\Users\xcxg109\Anaconda3\DLLs\_ctypes.pyd
0x00007ffcc8710000 - 0x00007ffcc8867000 	C:\Windows\System32\ole32.dll
0x00007ffcc9d80000 - 0x00007ffcc9e45000 	C:\Windows\System32\OLEAUT32.dll
0x00007ffcc13d0000 - 0x00007ffcc13db000 	C:\Users\xcxg109\Anaconda3\DLLs\libffi-7.dll
0x00007ffcc8c60000 - 0x00007ffcc9347000 	C:\Windows\System32\shell32.DLL
0x00007ffcc7f60000 - 0x00007ffcc7faa000 	C:\Windows\System32\cfgmgr32.dll
0x00007ffcc9e50000 - 0x00007ffcc9ef9000 	C:\Windows\System32\shcore.dll
0x00007ffcc75b0000 - 0x00007ffcc7d31000 	C:\Windows\System32\windows.storage.dll
0x00007ffcc7230000 - 0x00007ffcc7253000 	C:\Windows\System32\profapi.dll
0x00007ffcc7260000 - 0x00007ffcc72aa000 	C:\Windows\System32\powrprof.dll
0x00007ffcc7200000 - 0x00007ffcc7210000 	C:\Windows\System32\UMPDC.dll
0x00007ffcc7210000 - 0x00007ffcc7221000 	C:\Windows\System32\kernel.appcore.dll
0x00007ffcb80c0000 - 0x00007ffcb80cd000 	C:\Users\xcxg109\Anaconda3\DLLs\_hashlib.pyd
0x00007ffc542f0000 - 0x00007ffc5463a000 	C:\Users\xcxg109\Anaconda3\Library\bin\libcrypto-1_1-x64.dll
0x00007ffc514a0000 - 0x00007ffc514b7000 	C:\Users\xcxg109\Anaconda3\DLLs\_sqlite3.pyd
0x00007ffc35850000 - 0x00007ffc359cf000 	C:\Users\xcxg109\Anaconda3\Library\bin\sqlite3.dll
0x00007ffca63b0000 - 0x00007ffca63c6000 	C:\Users\xcxg109\Anaconda3\DLLs\_socket.pyd
0x00007ffcc6720000 - 0x00007ffcc675a000 	C:\Windows\SYSTEM32\IPHLPAPI.DLL
0x00007ffcc13c0000 - 0x00007ffcc13c9000 	C:\Users\xcxg109\Anaconda3\DLLs\select.pyd
0x00007ffc9aa30000 - 0x00007ffc9aa57000 	C:\Users\xcxg109\Anaconda3\DLLs\_ssl.pyd
0x00007ffcc7de0000 - 0x00007ffcc7f29000 	C:\Windows\System32\CRYPT32.dll
0x00007ffcc72b0000 - 0x00007ffcc72c2000 	C:\Windows\System32\MSASN1.dll
0x00007ffc996b0000 - 0x00007ffc9975c000 	C:\Users\xcxg109\Anaconda3\Library\bin\libssl-1_1-x64.dll
0x00007ffc52a30000 - 0x00007ffc52a42000 	C:\Users\xcxg109\Anaconda3\DLLs\_asyncio.pyd
0x00007ffc6d940000 - 0x00007ffc6d94d000 	C:\Users\xcxg109\Anaconda3\DLLs\_overlapped.pyd
0x00007ffcc6a00000 - 0x00007ffcc6a67000 	C:\Windows\system32\mswsock.dll
0x00007ffc8bee0000 - 0x00007ffc8bfee000 	C:\Users\xcxg109\Anaconda3\DLLs\unicodedata.pyd
0x00007ffca84e0000 - 0x00007ffca84e9000 	C:\Users\xcxg109\Anaconda3\DLLs\_queue.pyd
0x00007ffc9a3d0000 - 0x00007ffc9a3e6000 	C:\Users\xcxg109\Anaconda3\lib\site-packages\zmq\backend\cython\constants.cp38-win_amd64.pyd
0x00007ffc9a3c0000 - 0x00007ffc9a3cc000 	C:\Users\xcxg109\Anaconda3\lib\site-packages\zmq\backend\cython\error.cp38-win_amd64.pyd
0x00007ffc8b7a0000 - 0x00007ffc8b817000 	C:\Users\xcxg109\Anaconda3\Library\bin\libzmq-mt-4_3_3.dll
0x00007ffc8c140000 - 0x00007ffc8c18f000 	C:\Users\xcxg109\Anaconda3\Library\bin\libsodium.dll
0x00007ffc8b170000 - 0x00007ffc8b202000 	C:\Windows\SYSTEM32\MSVCP140.dll
0x00007ffca44e0000 - 0x00007ffca44ec000 	C:\Windows\SYSTEM32\VCRUNTIME140_1.dll
0x00007ffc99f40000 - 0x00007ffc99f59000 	C:\Users\xcxg109\Anaconda3\lib\site-packages\zmq\backend\cython\message.cp38-win_amd64.pyd
0x00007ffc99650000 - 0x00007ffc99664000 	C:\Users\xcxg109\Anaconda3\lib\site-packages\zmq\backend\cython\context.cp38-win_amd64.pyd
0x00007ffc92250000 - 0x00007ffc92273000 	C:\Users\xcxg109\Anaconda3\lib\site-packages\zmq\backend\cython\socket.cp38-win_amd64.pyd
0x00007ffc9a210000 - 0x00007ffc9a21e000 	C:\Users\xcxg109\Anaconda3\lib\site-packages\zmq\backend\cython\utils.cp38-win_amd64.pyd
0x00007ffc91cd0000 - 0x00007ffc91ce4000 	C:\Users\xcxg109\Anaconda3\lib\site-packages\zmq\backend\cython\_poll.cp38-win_amd64.pyd
0x00007ffc99640000 - 0x00007ffc9964c000 	C:\Users\xcxg109\Anaconda3\lib\site-packages\zmq\backend\cython\_version.cp38-win_amd64.pyd
0x00007ffc8f680000 - 0x00007ffc8f692000 	C:\Users\xcxg109\Anaconda3\lib\site-packages\zmq\backend\cython\_device.cp38-win_amd64.pyd
0x00007ffc8f600000 - 0x00007ffc8f610000 	C:\Users\xcxg109\Anaconda3\lib\site-packages\zmq\backend\cython\_proxy_steerable.cp38-win_amd64.pyd
0x00007ffc6e2b0000 - 0x00007ffc6e2b7000 	C:\Users\xcxg109\Anaconda3\lib\site-packages\tornado\speedups.cp38-win_amd64.pyd
0x00007ffc53e30000 - 0x00007ffc542ef000 	C:\Users\xcxg109\Anaconda3\lib\site-packages\PyQt5\QtWidgets.pyd
0x000000005f3a0000 - 0x000000005f8f7000 	C:\Users\xcxg109\Anaconda3\Library\bin\Qt5Widgets.dll
0x00007ffc54640000 - 0x00007ffc54bf0000 	C:\Users\xcxg109\Anaconda3\Library\bin\Qt5Gui.dll
0x000000005fd80000 - 0x0000000060268000 	C:\Users\xcxg109\Anaconda3\Library\bin\Qt5Core.dll
0x00007ffcc51c0000 - 0x00007ffcc5259000 	C:\Windows\SYSTEM32\UxTheme.dll
0x00007ffcc5290000 - 0x00007ffcc52bd000 	C:\Windows\SYSTEM32\dwmapi.dll
0x00007ffc9ab20000 - 0x00007ffc9ab54000 	C:\Users\xcxg109\Anaconda3\Library\bin\libpng16.dll
0x00007ffc9de50000 - 0x00007ffc9de69000 	C:\Users\xcxg109\Anaconda3\Library\bin\zlib.dll
0x00007ffcb3b90000 - 0x00007ffcb3bab000 	C:\Windows\SYSTEM32\MPR.dll
0x00007ffcb6320000 - 0x00007ffcb6344000 	C:\Windows\SYSTEM32\WINMM.dll
0x000000005fae0000 - 0x000000005fd71000 	C:\Users\xcxg109\Anaconda3\Library\bin\icuin58.dll
0x000000005f900000 - 0x000000005fad4000 	C:\Users\xcxg109\Anaconda3\Library\bin\icuuc58.dll
0x00007ffcb62a0000 - 0x00007ffcb62cd000 	C:\Windows\SYSTEM32\WINMMBASE.dll
0x00000125d88d0000 - 0x00000125da1d2000 	C:\Users\xcxg109\Anaconda3\Library\bin\icudt58.dll
0x00007ffc9abd0000 - 0x00007ffc9abef000 	C:\Users\xcxg109\Anaconda3\lib\site-packages\sip.pyd
0x00007ffc5f210000 - 0x00007ffc5f432000 	C:\Users\xcxg109\Anaconda3\lib\site-packages\PyQt5\QtCore.pyd
0x00007ffc54bf0000 - 0x00007ffc54e30000 	C:\Users\xcxg109\Anaconda3\lib\site-packages\PyQt5\QtGui.pyd
0x00007ffc64360000 - 0x00007ffc64372000 	C:\Users\xcxg109\Anaconda3\DLLs\_tkinter.pyd
0x00007ffc33170000 - 0x00007ffc33314000 	C:\Users\xcxg109\Anaconda3\DLLs\tcl86t.dll
0x00007ffc356e0000 - 0x00007ffc35847000 	C:\Users\xcxg109\Anaconda3\DLLs\tk86t.dll
0x00007ffcc8410000 - 0x00007ffcc84e0000 	C:\Windows\System32\COMDLG32.dll
0x00007ffcb8e90000 - 0x00007ffcb8ea7000 	C:\Windows\SYSTEM32\NETAPI32.dll
0x00007ffcc7120000 - 0x00007ffcc7145000 	C:\Windows\SYSTEM32\USERENV.dll
0x00007ffcb3bb0000 - 0x00007ffcb3e34000 	C:\Windows\WinSxS\amd64_microsoft.windows.common-controls_6595b64144ccf1df_6.0.18362.1256_none_9e7e379be45e40e2\COMCTL32.dll
0x00007ffcc6840000 - 0x00007ffcc6882000 	C:\Windows\SYSTEM32\LOGONCLI.DLL
0x00007ffcba090000 - 0x00007ffcba0a8000 	C:\Windows\SYSTEM32\SAMCLI.DLL
0x00007ffcc6760000 - 0x00007ffcc676c000 	C:\Windows\SYSTEM32\NETUTILS.DLL
0x00007ffc8c690000 - 0x00007ffc8c697000 	C:\Users\xcxg109\Anaconda3\lib\site-packages\mkl\_mklinit.cp38-win_amd64.pyd
0x00007ffc448d0000 - 0x00007ffc4592d000 	C:\Users\xcxg109\Anaconda3\Library\bin\mkl_rt.dll
0x00007ffc8b780000 - 0x00007ffc8b79e000 	C:\Users\xcxg109\Anaconda3\lib\site-packages\mkl\_py_mkl_service.cp38-win_amd64.pyd
0x00007ffc53b60000 - 0x00007ffc53e29000 	C:\Users\xcxg109\Anaconda3\lib\site-packages\numpy\core\_multiarray_umath.cp38-win_amd64.pyd
0x00007ffc81050000 - 0x00007ffc8106f000 	C:\Users\xcxg109\Anaconda3\lib\site-packages\numpy\core\_multiarray_tests.cp38-win_amd64.pyd
0x00007ffc8c540000 - 0x00007ffc8c549000 	C:\Users\xcxg109\Anaconda3\lib\site-packages\numpy\linalg\lapack_lite.cp38-win_amd64.pyd
0x00007ffc80d60000 - 0x00007ffc80d8a000 	C:\Users\xcxg109\Anaconda3\lib\site-packages\numpy\linalg\_umath_linalg.cp38-win_amd64.pyd
0x00007ffc8c1c0000 - 0x00007ffc8c203000 	C:\Users\xcxg109\Anaconda3\DLLs\_decimal.pyd
0x00007ffc81030000 - 0x00007ffc81050000 	C:\Users\xcxg109\Anaconda3\lib\site-packages\numpy\fft\_pocketfft_internal.cp38-win_amd64.pyd
0x00007ffc6f390000 - 0x00007ffc6f420000 	C:\Users\xcxg109\Anaconda3\lib\site-packages\numpy\random\mtrand.cp38-win_amd64.pyd
0x00007ffc6f360000 - 0x00007ffc6f389000 	C:\Users\xcxg109\Anaconda3\lib\site-packages\numpy\random\bit_generator.cp38-win_amd64.pyd
0x00007ffc6e3a0000 - 0x00007ffc6e3d2000 	C:\Users\xcxg109\Anaconda3\lib\site-packages\numpy\random\_common.cp38-win_amd64.pyd
0x00007ffc6e360000 - 0x00007ffc6e3a0000 	C:\Users\xcxg109\Anaconda3\lib\site-packages\numpy\random\_bounded_integers.cp38-win_amd64.pyd
0x00007ffc80ff0000 - 0x00007ffc81008000 	C:\Users\xcxg109\Anaconda3\lib\site-packages\numpy\random\_mt19937.cp38-win_amd64.pyd
0x00007ffc6e340000 - 0x00007ffc6e357000 	C:\Users\xcxg109\Anaconda3\lib\site-packages\numpy\random\_philox.cp38-win_amd64.pyd
0x00007ffc6e320000 - 0x00007ffc6e335000 	C:\Users\xcxg109\Anaconda3\lib\site-packages\numpy\random\_pcg64.cp38-win_amd64.pyd
0x00007ffc8f5b0000 - 0x00007ffc8f5c2000 	C:\Users\xcxg109\Anaconda3\lib\site-packages\numpy\random\_sfc64.cp38-win_amd64.pyd
0x00007ffc6bff0000 - 0x00007ffc6c095000 	C:\Users\xcxg109\Anaconda3\lib\site-packages\numpy\random\_generator.cp38-win_amd64.pyd
0x00007ffc41b00000 - 0x00007ffc448cd000 	C:\Users\xcxg109\Anaconda3\Library\bin\mkl_intel_thread.dll
0x00007ffc3d360000 - 0x00007ffc41afa000 	C:\Users\xcxg109\Anaconda3\Library\bin\mkl_core.dll
0x00007ffc3ab70000 - 0x00007ffc3d352000 	C:\Users\xcxg109\Anaconda3\Library\bin\mkl_avx2.dll
0x00007ffc39d00000 - 0x00007ffc3ab6d000 	C:\Users\xcxg109\Anaconda3\Library\bin\mkl_vml_avx2.dll
0x00007ffc6bee0000 - 0x00007ffc6bfeb000 	C:\Users\xcxg109\Anaconda3\lib\site-packages\pandas\_libs\interval.cp38-win_amd64.pyd
0x00007ffc65fb0000 - 0x00007ffc660a8000 	C:\Users\xcxg109\Anaconda3\lib\site-packages\pandas\_libs\hashtable.cp38-win_amd64.pyd
0x00007ffc8b880000 - 0x00007ffc8b8ac000 	C:\Users\xcxg109\Anaconda3\lib\site-packages\pandas\_libs\missing.cp38-win_amd64.pyd
0x00007ffc8c4d0000 - 0x00007ffc8c4ee000 	C:\Users\xcxg109\Anaconda3\lib\site-packages\pandas\_libs\tslibs\dtypes.cp38-win_amd64.pyd
0x00007ffc81580000 - 0x00007ffc815bc000 	C:\Users\xcxg109\Anaconda3\lib\site-packages\pandas\_libs\tslibs\conversion.cp38-win_amd64.pyd

dbghelp: loaded successfully - version: 4.0.5 - missing functions: none
symbol engine: initialized successfully - sym options: 0x614 - pdb path: .;C:\Users\xcxg109\Anaconda3;C:\Windows\SYSTEM32;C:\Users\xcxg109\Anaconda3\DLLs;C:\Users\xcxg109\Anaconda3\Library\bin;C:\Users\xcxg109\Anaconda3\lib\site-packages\zmq\backend\cython;C:\Users\xcxg109\Anaconda3\lib\site-packages\tornado;C:\Users\xcxg109\Anaconda3\lib\site-packages\PyQt5;C:\Users\xcxg109\Anaconda3\lib\site-packages;C:\Windows\WinSxS\amd64_microsoft.windows.common-controls_6595b64144ccf1df_6.0.18362.1256_none_9e7e379be45e40e2;C:\Users\xcxg109\Anaconda3\lib\site-packages\mkl;C:\Users\xcxg109\Anaconda3\lib\site-packages\numpy\core;C:\Users\xcxg109\Anaconda3\lib\site-packages\numpy\linalg;C:\Users\xcxg109\Anaconda3\lib\site-packages\numpy\fft;C:\Users\xcxg109\Anaconda3\lib\site-packages\numpy\random;C:\Users\xcxg109\Anaconda3\lib\site-packages\pandas\_libs;C:\Users\xcxg109\Anaconda3\lib\site-packages\pandas\_libs\tslibs;C:\Users\xcxg109\Anaconda3\lib\site-packages\bottleneck;C:\Users\xcxg109\Anaconda3\lib\site-packages\pandas\_libs\window;C:\Users\xcxg109\Anaconda3\lib\site-packages\matplotlib;C:\Users\xcxg109\Anaconda3\lib\site-packages\win32;C:\Users\xcxg109\Anaconda3\lib\site-packages\PIL;C:\Users\xcxg109\Anaconda3\lib\site-packages\matplotlib\backends;C:\Users\xcxg109\Anaconda3\lib\site-packages\lxml;C:\Users\xcxg109\Anaconda3\lib\site-packages\brotli;C:\Users\xcxg109\Anaconda3\lib\site-packages\psycopg2;C:\Users\xcxg109\Anaconda3\lib\site-packages\sqlalchemy;C:\Users\xcxg109\Anaconda3\lib\site-packages\pyproj;C:\Users\xcxg109\Anaconda3\lib\site-packages\shapely\speedups;C:\Users\xcxg109\Anaconda3\lib\site-packages\fiona;C:\Users\xcxg109\Anaconda3\lib\site-packages\pycrfsuite;C:\Users\xcxg109\Anaconda3\lib\site-packages\multidict;C:\Users\xcxg109\Anaconda3\lib\site-packages\yarl;C:\Users\xcxg109\Anaconda3\lib\site-packages\aiohttp;C:\Program Files\Java\jdk-11.0.9\bin\server;C:\Program Files\Java\jdk-11.0.9\bin

VM Arguments:
java_command: <unknown>
java_class_path (initial): C:\Users\xcxg109\Anaconda3\lib\site-packages\graingerio\jars\hive-jdbc-uber-2.6.5.0-292.jar;C:\Users\xcxg109\Anaconda3\lib\site-packages\graingerio\jars\ojdbc6.jar;C:\Users\xcxg109\Anaconda3\lib\site-packages\graingerio\jars\tdgssconfig.jar;C:\Users\xcxg109\Anaconda3\lib\site-packages\graingerio\jars\terajdbc4.jar
Launcher Type: generic

[Global flags]
     intx CICompilerCount                          = 4                                         {product} {ergonomic}
     uint ConcGCThreads                            = 2                                         {product} {ergonomic}
     uint G1ConcRefinementThreads                  = 8                                         {product} {ergonomic}
   size_t G1HeapRegionSize                         = 1048576                                   {product} {ergonomic}
    uintx GCDrainStackTargetSize                   = 64                                        {product} {ergonomic}
   size_t InitialHeapSize                          = 266338304                                 {product} {ergonomic}
   size_t MarkStackSize                            = 4194304                                   {product} {ergonomic}
   size_t MaxHeapSize                              = 4244635648                                {product} {ergonomic}
   size_t MaxNewSize                               = 2545942528                                {product} {ergonomic}
   size_t MinHeapDeltaBytes                        = 1048576                                   {product} {ergonomic}
    uintx NonNMethodCodeHeapSize                   = 5836300                                {pd product} {ergonomic}
    uintx NonProfiledCodeHeapSize                  = 122910970                              {pd product} {ergonomic}
    uintx ProfiledCodeHeapSize                     = 122910970                              {pd product} {ergonomic}
    uintx ReservedCodeCacheSize                    = 251658240                              {pd product} {ergonomic}
     bool SegmentedCodeCache                       = true                                      {product} {ergonomic}
     bool UseCompressedClassPointers               = true                                 {lp64_product} {ergonomic}
     bool UseCompressedOops                        = true                                 {lp64_product} {ergonomic}
     bool UseG1GC                                  = true                                      {product} {ergonomic}
     bool UseLargePagesIndividualAllocation        = false                                  {pd product} {ergonomic}

Logging:
Log output configuration:
 #0: stdout all=warning uptime,level,tags
 #1: stderr all=off uptime,level,tags

Environment Variables:
JAVA_HOME=C:\Program Files\Java\jdk-11.0.9
PATH=C:\Users\xcxg109\Anaconda3\lib\site-packages\shapely\DLLs;C:\Users\xcxg109\Anaconda3\DLLs;C:\Users\xcxg109\Anaconda3;C:\Users\xcxg109\Anaconda3\Library\mingw-w64\bin;C:\Users\xcxg109\Anaconda3\Library\usr\bin;C:\Users\xcxg109\Anaconda3\Library\bin;C:\Users\xcxg109\Anaconda3\Scripts;C:\Users\xcxg109\Anaconda3\bin;C:\Users\xcxg109\Anaconda3\condabin;C:\Users\xcxg109\Anaconda3;C:\Users\xcxg109\Anaconda3\Library\mingw-w64\bin;C:\Users\xcxg109\Anaconda3\Library\usr\bin;C:\Users\xcxg109\Anaconda3\Library\bin;C:\Users\xcxg109\Anaconda3\Scripts;C:\Program Files\Common Files\Oracle\Java\javapath;C:\Program Files (x86)\Common Files\Oracle\Java\javapath;C:\Program Files\Teradata\Client\15.10\bin;C:\Program Files (x86)\Teradata\Client\15.10\bin;C:\Windows\system32;C:\Windows;C:\Windows\System32\Wbem;C:\Windows\System32\WindowsPowerShell\v1.0;C:\Windows\System32\OpenSSH;C:\Program Files\SASHome\x86\Secure\ccme4;C:\Program Files\SASHome\Secure\ccme4;C:\Program Files (x86)\PuTTY;C:\Program Files\Microsoft VS Code\bin;C:\Program Files\Git\cmd;C:\Program Files (x86)\Windows Kits\8.1\Windows Performance Toolkit;C:\Program Files\dotnet;C:\Program Files\Microsoft SQL Server\130\Tools\Binn;C:\Program Files\Microsoft SQL Server\Client SDK\ODBC\170\Tools\Binn;C:\Users\xcxg109\AppData\Local\Microsoft\WindowsApps;C:\Users\xcxg109\AppData\Local\atom\bin;C:\Users\xcxg109\AppData\Local\GitHubDesktop\bin;C:\Users\xcxg109\.dotnet\tools;C:\Users\xcxg109\Anaconda3\lib\site-packages\fiona\.libs
USERNAME=xcxg109
OS=Windows_NT
PROCESSOR_IDENTIFIER=Intel64 Family 6 Model 142 Stepping 12, GenuineIntel



---------------  S Y S T E M  ---------------

OS: Windows 10 , 64 bit Build 18362 (10.0.18362.1110)
HyperV virtualization detected

CPU:total 8 (initial active 8) (4 cores per cpu, 2 threads per core) family 6 model 142 stepping 12, cmov, cx8, fxsr, mmx, sse, sse2, sse3, ssse3, sse4.1, sse4.2, popcnt, avx, avx2, aes, clmul, erms, 3dnowpref, lzcnt, ht, tsc, tscinvbit, bmi1, bmi2, adx, fma

Memory: 4k page, system-wide physical 16190M (5646M free)
TotalPageFile size 28478M (AvailPageFile size 10455M)
current process WorkingSet (physical memory assigned to process): 249M, peak: 249M
current process commit charge ("private bytes"): 277M, peak: 488M

vm_info: Java HotSpot(TM) 64-Bit Server VM (11.0.9+7-LTS) for windows-amd64 JRE (11.0.9+7-LTS), built on Sep 15 2020 16:47:03 by "mach5one" with MS VC++ 15.9 (VS2017)

END.
